
--- Job Feasible_NLP.gms Start 10/21/21 21:23:28 36.2.0 r433180e WEX-WEI x86 64bit/MS Windows
--- Applying:
    C:\GAMS\36\gmsprmNT.txt
--- GAMS Parameters defined
    Input C:\Users\USER\OneDrive\Documents\GAMS\Studio\workspace\Feasible_NLP.gms
    PageSize 0
    ScrDir C:\Users\USER\OneDrive\Documents\GAMS\Studio\workspace\225a\
    SysDir C:\GAMS\36\
    LogOption 3
    ErrMsg 1
    ErrorLog 99
    IDE 1
    LstTitleLeftAligned 1
Licensee: GAMS Demo license for Nikitha Reddy Metta      G210913|0002CO-GEN
          Indian Institute of Technology Guwahati, India           DL048129
          C:\GAMS\36\gamslice.txt
          m.nikitha@iitg.ac.in, Nikitha Reddy Metta                        
          Demo license for demonstration and instructional purposes only
Processor information: 1 socket(s), 4 core(s), and 8 thread(s) available
GAMS 36.2.0   Copyright (C) 1987-2021 GAMS Development. All rights reserved
--- Starting compilation
--- Feasible_NLP.gms(25) 2 Mb
--- Starting execution: elapsed 0:00:00.008
--- Feasible_NLP.gms(19) 3 Mb
--- Generating NLP model Feasible_NLP
--- Feasible_NLP.gms(23) 5 Mb
---   4 rows  4 columns  11 non-zeroes
---   13 nl-code  3 nl-non-zeroes
--- Feasible_NLP.gms(23) 3 Mb
--- Executing CONOPT (Solvelink=2): elapsed 0:00:00.014

CONOPT 3         36.2.0 r433180e Released Sep 03, 2021 WEI x86 64bit/MS Window

--- *** This solver runs with a demo license. No commercial use.
 
 
    C O N O P T 3   version 3.17K
    Copyright (C)   ARKI Consulting and Development A/S
                    Bagsvaerdvej 246 A
                    DK-2880 Bagsvaerd, Denmark
 
 
   Iter Phase Ninf   Infeasibility   RGmax    NSB   Step InItr MX OK
      0   0        7.0000000000E+00 (Input point)
 
                   Pre-triangular equations:   0
                   Post-triangular equations:  2
 
      1   0        6.0000000000E+00 (After pre-processing)
      2   0        2.0000000000E+00 (After scaling)
 
 ** Feasible solution. Value of objective =    64.5092611443
 
   Iter Phase Ninf     Objective     RGmax    NSB   Step InItr MX OK
      7   3        9.9999999896E+09 1.3E+05     1
 
 ** Unbounded solution. A variable has reached 'Infinity'.
    Largest legal value (Rtmaxv) is 1.00E+10
 
--- Reading solution for model Feasible_NLP
--- Executing after solve: elapsed 0:00:00.145
--- Feasible_NLP.gms(25) 3 Mb
*** Status: Normal completion
--- Job Feasible_NLP.gms Stop 10/21/21 21:23:28 elapsed 0:00:00.145
