
--- Job Feasible_MINLP.gms Start 10/22/21 14:13:02 36.2.0 r433180e WEX-WEI x86 64bit/MS Windows
--- Applying:
    C:\GAMS\36\gmsprmNT.txt
--- GAMS Parameters defined
    Input "C:\Users\USER\OneDrive\Documents\GAMS\Studio\workspace\CL643 Assignment 4\Multi Objective\Feasible_MINLP.gms"
    PageSize 0
    ScrDir "C:\Users\USER\OneDrive\Documents\GAMS\Studio\workspace\CL643 Assignment 4\Multi Objective\225a\"
    SysDir C:\GAMS\36\
    LogOption 3
    ErrMsg 1
    ErrorLog 99
    IDE 1
    LstTitleLeftAligned 1
Licensee: GAMS Demo license for Nikitha Reddy Metta      G210913|0002CO-GEN
          Indian Institute of Technology Guwahati, India           DL048129
          C:\GAMS\36\gamslice.txt
          m.nikitha@iitg.ac.in, Nikitha Reddy Metta                        
          Demo license for demonstration and instructional purposes only
Processor information: 1 socket(s), 4 core(s), and 8 thread(s) available
GAMS 36.2.0   Copyright (C) 1987-2021 GAMS Development. All rights reserved
--- Starting compilation
--- Feasible_MINLP.gms(61) 3 Mb
--- Starting execution: elapsed 0:00:00.006
--- Feasible_MINLP.gms(36) 4 Mb
--- Generating MINLP model Feasible_MINLP
--- Feasible_MINLP.gms(44) 6 Mb
---   5 rows  5 columns  13 non-zeroes
---   12 nl-code  3 nl-non-zeroes
---   1 discrete-columns
--- Feasible_MINLP.gms(44) 4 Mb
--- Executing LINDO (Solvelink=2): elapsed 0:00:00.011

LINDO            36.2.0 r433180e Released Sep 03, 2021 WEI x86 64bit/MS Window

   LINDO Driver
   Lindo Systems Inc, www.lindo.com

*** This solver runs with a demo license. No commercial use.
Lindo API version 13.0.4099.291 built on Jul  9 2021 22:43:27
Barrier Solver Version 9.2.047, Nonlinear Solver Version 3.17K
Platform Windows 64x86 (B)
--- Reading solution for model Feasible_MINLP
--- Executing after solve: elapsed 0:00:00.598
--- Feasible_MINLP.gms(46) 4 Mb
--- Generating MINLP model Feasible_MINLP
--- Feasible_MINLP.gms(48) 6 Mb
---   5 rows  5 columns  13 non-zeroes
---   12 nl-code  3 nl-non-zeroes
---   1 discrete-columns
--- Feasible_MINLP.gms(48) 4 Mb
--- Executing LINDO (Solvelink=2): elapsed 0:00:00.602

LINDO            36.2.0 r433180e Released Sep 03, 2021 WEI x86 64bit/MS Window

   LINDO Driver
   Lindo Systems Inc, www.lindo.com

*** This solver runs with a demo license. No commercial use.
Lindo API version 13.0.4099.291 built on Jul  9 2021 22:43:27
Barrier Solver Version 9.2.047, Nonlinear Solver Version 3.17K
Platform Windows 64x86 (B)
--- Reading solution for model Feasible_MINLP
--- Executing after solve: elapsed 0:00:01.398
--- Feasible_MINLP.gms(52) 4 Mb
--- Generating MINLP model Feasible_MINLP
--- Feasible_MINLP.gms(55) 6 Mb
--- LOOPS counter = count1
---   5 rows  5 columns  13 non-zeroes
---   12 nl-code  3 nl-non-zeroes
---   1 discrete-columns
--- Feasible_MINLP.gms(55) 4 Mb
--- Executing LINDO (Solvelink=2): elapsed 0:00:01.402

LINDO            36.2.0 r433180e Released Sep 03, 2021 WEI x86 64bit/MS Window

   LINDO Driver
   Lindo Systems Inc, www.lindo.com

*** This solver runs with a demo license. No commercial use.
Lindo API version 13.0.4099.291 built on Jul  9 2021 22:43:27
Barrier Solver Version 9.2.047, Nonlinear Solver Version 3.17K
Platform Windows 64x86 (B)
--- Reading solution for model Feasible_MINLP
--- Executing after solve: elapsed 0:00:01.900
--- Feasible_MINLP.gms(52) 4 Mb
--- Generating MINLP model Feasible_MINLP
--- Feasible_MINLP.gms(55) 6 Mb
--- LOOPS counter = count2
---   5 rows  5 columns  13 non-zeroes
---   12 nl-code  3 nl-non-zeroes
---   1 discrete-columns
--- Feasible_MINLP.gms(55) 4 Mb
--- Executing LINDO (Solvelink=2): elapsed 0:00:01.903

LINDO            36.2.0 r433180e Released Sep 03, 2021 WEI x86 64bit/MS Window

   LINDO Driver
   Lindo Systems Inc, www.lindo.com

*** This solver runs with a demo license. No commercial use.
Lindo API version 13.0.4099.291 built on Jul  9 2021 22:43:27
Barrier Solver Version 9.2.047, Nonlinear Solver Version 3.17K
Platform Windows 64x86 (B)
--- Reading solution for model Feasible_MINLP
--- Executing after solve: elapsed 0:00:02.362
--- Feasible_MINLP.gms(61) 4 Mb
*** Status: Normal completion
--- Job Feasible_MINLP.gms Stop 10/22/21 14:13:04 elapsed 0:00:02.363
