
--- Job Feasible_NLP.gms Start 10/22/21 14:13:19 36.2.0 r433180e WEX-WEI x86 64bit/MS Windows
--- Applying:
    C:\GAMS\36\gmsprmNT.txt
--- GAMS Parameters defined
    Input "C:\Users\USER\OneDrive\Documents\GAMS\Studio\workspace\CL643 Assignment 4\Multi Objective\Feasible_NLP.gms"
    PageSize 0
    ScrDir "C:\Users\USER\OneDrive\Documents\GAMS\Studio\workspace\CL643 Assignment 4\Multi Objective\225a\"
    SysDir C:\GAMS\36\
    LogOption 3
    ErrMsg 1
    ErrorLog 99
    IDE 1
    LstTitleLeftAligned 1
Licensee: GAMS Demo license for Nikitha Reddy Metta      G210913|0002CO-GEN
          Indian Institute of Technology Guwahati, India           DL048129
          C:\GAMS\36\gamslice.txt
          m.nikitha@iitg.ac.in, Nikitha Reddy Metta                        
          Demo license for demonstration and instructional purposes only
Processor information: 1 socket(s), 4 core(s), and 8 thread(s) available
GAMS 36.2.0   Copyright (C) 1987-2021 GAMS Development. All rights reserved
--- Starting compilation
--- Feasible_NLP.gms(49) 3 Mb
--- Starting execution: elapsed 0:00:00.024
--- Feasible_NLP.gms(22) 4 Mb
--- Generating NLP model Feasible_NLP
--- Feasible_NLP.gms(32) 6 Mb
---   5 rows  5 columns  13 non-zeroes
---   12 nl-code  3 nl-non-zeroes
--- Feasible_NLP.gms(32) 4 Mb
--- Executing CONOPT (Solvelink=2): elapsed 0:00:00.034

CONOPT 3         36.2.0 r433180e Released Sep 03, 2021 WEI x86 64bit/MS Window

--- *** This solver runs with a demo license. No commercial use.
 
 
    C O N O P T 3   version 3.17K
    Copyright (C)   ARKI Consulting and Development A/S
                    Bagsvaerdvej 246 A
                    DK-2880 Bagsvaerd, Denmark
 
 
   Iter Phase Ninf   Infeasibility   RGmax    NSB   Step InItr MX OK
      0   0        1.7000000000E+01 (Input point)
 
                   Pre-triangular equations:   0
                   Post-triangular equations:  3
 
      1   0        6.0000000000E+00 (After pre-processing)
      2   0        2.0000000000E+00 (After scaling)
 
 ** Feasible solution. Value of objective =    64.5092611443
 
   Iter Phase Ninf     Objective     RGmax    NSB   Step InItr MX OK
     11   4        9.9214416388E+00 2.8E-02     1 1.0E+00    1 F  T
     16   4        9.9111807210E+00 1.9E-04     1 1.0E+00    1 F  T
     21   4        9.9111115834E+00 1.3E-06     1 1.0E+00    1 F  T
     24   4        9.9111111779E+00 6.3E-08     1
 
 ** Optimal solution. Reduced gradient less than tolerance.
 
--- Reading solution for model Feasible_NLP
--- Executing after solve: elapsed 0:00:00.206
--- Feasible_NLP.gms(34) 4 Mb
--- Generating NLP model Feasible_NLP
--- Feasible_NLP.gms(36) 6 Mb
---   5 rows  5 columns  13 non-zeroes
---   12 nl-code  3 nl-non-zeroes
--- Feasible_NLP.gms(36) 4 Mb
--- Executing CONOPT (Solvelink=2): elapsed 0:00:00.210

CONOPT 3         36.2.0 r433180e Released Sep 03, 2021 WEI x86 64bit/MS Window

--- *** This solver runs with a demo license. No commercial use.
 
 
    C O N O P T 3   version 3.17K
    Copyright (C)   ARKI Consulting and Development A/S
                    Bagsvaerdvej 246 A
                    DK-2880 Bagsvaerd, Denmark
 
 
   Iter Phase Ninf   Infeasibility   RGmax    NSB   Step InItr MX OK
      0   0        3.5424818634E-10 (Input point)
 
                   Pre-triangular equations:   0
                   Post-triangular equations:  3
 
      1   0        3.5424818634E-10 (After pre-processing)
      2   0        8.8562046585E-11 (After scaling)
 
 ** Feasible solution. Value of objective =    43.1453044743
 
   Iter Phase Ninf     Objective     RGmax    NSB   Step InItr MX OK
      4   3        1.0000000000E+10 2.0E+00     1
 
 ** Unbounded solution. A variable has reached 'Infinity'.
    Largest legal value (Rtmaxv) is 1.00E+10
 
--- Reading solution for model Feasible_NLP
--- Executing after solve: elapsed 0:00:00.256
--- Feasible_NLP.gms(40) 4 Mb
--- Generating NLP model Feasible_NLP
--- Feasible_NLP.gms(43) 6 Mb
--- LOOPS counter = count1
---   5 rows  5 columns  13 non-zeroes
---   12 nl-code  3 nl-non-zeroes
--- Feasible_NLP.gms(43) 4 Mb
--- Executing CONOPT (Solvelink=2): elapsed 0:00:00.259

CONOPT 3         36.2.0 r433180e Released Sep 03, 2021 WEI x86 64bit/MS Window

--- *** This solver runs with a demo license. No commercial use.
 
 
    C O N O P T 3   version 3.17K
    Copyright (C)   ARKI Consulting and Development A/S
                    Bagsvaerdvej 246 A
                    DK-2880 Bagsvaerd, Denmark
 
 
   Iter Phase Ninf   Infeasibility   RGmax    NSB   Step InItr MX OK
      0   0        1.0000000000E+08 (Input point)
 
                   Pre-triangular equations:   0
                   Post-triangular equations:  1
                   Definitional equations:     1
 
      1   0        1.4042633723E-10 (After pre-processing)
      2   0        3.5106584306E-11 (After scaling)
 
 ** Feasible solution. Value of objective =    9.91111111177
 
   Iter Phase Ninf     Objective     RGmax    NSB   Step InItr MX OK
      4   3        9.9111111118E+00 0.0E+00     0
 
 ** Optimal solution. Reduced gradient less than tolerance.
 
--- Reading solution for model Feasible_NLP
--- Executing after solve: elapsed 0:00:00.297
--- Feasible_NLP.gms(40) 4 Mb
--- Generating NLP model Feasible_NLP
--- Feasible_NLP.gms(43) 6 Mb
--- LOOPS counter = count2
---   5 rows  5 columns  13 non-zeroes
---   12 nl-code  3 nl-non-zeroes
--- Feasible_NLP.gms(43) 4 Mb
--- Executing CONOPT (Solvelink=2): elapsed 0:00:00.305

CONOPT 3         36.2.0 r433180e Released Sep 03, 2021 WEI x86 64bit/MS Window

--- *** This solver runs with a demo license. No commercial use.
 
 
    C O N O P T 3   version 3.17K
    Copyright (C)   ARKI Consulting and Development A/S
                    Bagsvaerdvej 246 A
                    DK-2880 Bagsvaerd, Denmark
 
 
   Iter Phase Ninf   Infeasibility   RGmax    NSB   Step InItr MX OK
      0   0        1.4042633723E-10 (Input point)
 
 ** Warning **  Some variables are considered fixed because their
                bounds are very close, i.e. within a relative
                distance of Rtbndt = 1.0E-07
 
 
                   Pre-triangular equations:   1
                   Post-triangular equations:  1
 
      1   0        1.4042633723E-10 (After pre-processing)
      2   0        3.5106584306E-11 (After scaling)
 
 ** Feasible solution. Value of objective =    9.91111111177
 
   Iter Phase Ninf     Objective     RGmax    NSB   Step InItr MX OK
      4   3        9.9111111118E+00 0.0E+00     0
 
 ** Unbounded solution. A variable has reached 'Infinity'.
    Largest legal value (Rtmaxv) is 1.00E+10
 
--- Reading solution for model Feasible_NLP
--- Executing after solve: elapsed 0:00:00.357
--- Feasible_NLP.gms(49) 4 Mb
*** Status: Normal completion
--- Job Feasible_NLP.gms Stop 10/22/21 14:13:19 elapsed 0:00:00.358
