
--- Job InFeasible_MINLP.gms Start 10/22/21 14:12:56 36.2.0 r433180e WEX-WEI x86 64bit/MS Windows
--- Applying:
    C:\GAMS\36\gmsprmNT.txt
--- GAMS Parameters defined
    Input "C:\Users\USER\OneDrive\Documents\GAMS\Studio\workspace\CL643 Assignment 4\Multi Objective\InFeasible_MINLP.gms"
    PageSize 0
    ScrDir "C:\Users\USER\OneDrive\Documents\GAMS\Studio\workspace\CL643 Assignment 4\Multi Objective\225a\"
    SysDir C:\GAMS\36\
    LogOption 3
    ErrMsg 1
    ErrorLog 99
    IDE 1
    LstTitleLeftAligned 1
Licensee: GAMS Demo license for Nikitha Reddy Metta      G210913|0002CO-GEN
          Indian Institute of Technology Guwahati, India           DL048129
          C:\GAMS\36\gamslice.txt
          m.nikitha@iitg.ac.in, Nikitha Reddy Metta                        
          Demo license for demonstration and instructional purposes only
Processor information: 1 socket(s), 4 core(s), and 8 thread(s) available
GAMS 36.2.0   Copyright (C) 1987-2021 GAMS Development. All rights reserved
--- Starting compilation
--- InFeasible_MINLP.gms(63) 3 Mb
--- Starting execution: elapsed 0:00:00.010
--- InFeasible_MINLP.gms(38) 4 Mb
--- Generating MINLP model Feasible_MINLP
--- InFeasible_MINLP.gms(46) 6 Mb
---   6 rows  5 columns  15 non-zeroes
---   16 nl-code  5 nl-non-zeroes
---   1 discrete-columns
--- InFeasible_MINLP.gms(46) 4 Mb
--- Executing LINDO (Solvelink=2): elapsed 0:00:00.017

LINDO            36.2.0 r433180e Released Sep 03, 2021 WEI x86 64bit/MS Window

   LINDO Driver
   Lindo Systems Inc, www.lindo.com

*** This solver runs with a demo license. No commercial use.
Lindo API version 13.0.4099.291 built on Jul  9 2021 22:43:27
Barrier Solver Version 9.2.047, Nonlinear Solver Version 3.17K
Platform Windows 64x86 (B)
--- Reading solution for model Feasible_MINLP
--- Executing after solve: elapsed 0:00:00.883
--- InFeasible_MINLP.gms(48) 4 Mb
--- Generating MINLP model Feasible_MINLP
--- InFeasible_MINLP.gms(50) 6 Mb
---   6 rows  5 columns  15 non-zeroes
---   16 nl-code  5 nl-non-zeroes
---   1 discrete-columns
--- InFeasible_MINLP.gms(50) 4 Mb
--- Executing LINDO (Solvelink=2): elapsed 0:00:00.888

LINDO            36.2.0 r433180e Released Sep 03, 2021 WEI x86 64bit/MS Window

   LINDO Driver
   Lindo Systems Inc, www.lindo.com

*** This solver runs with a demo license. No commercial use.
Lindo API version 13.0.4099.291 built on Jul  9 2021 22:43:27
Barrier Solver Version 9.2.047, Nonlinear Solver Version 3.17K
Platform Windows 64x86 (B)
--- Reading solution for model Feasible_MINLP
--- Executing after solve: elapsed 0:00:01.411
--- InFeasible_MINLP.gms(54) 4 Mb
--- Generating MINLP model Feasible_MINLP
--- InFeasible_MINLP.gms(57) 6 Mb
--- LOOPS counter = count1
---   6 rows  5 columns  15 non-zeroes
---   16 nl-code  5 nl-non-zeroes
---   1 discrete-columns
--- InFeasible_MINLP.gms(57) 4 Mb
--- Executing LINDO (Solvelink=2): elapsed 0:00:01.415

LINDO            36.2.0 r433180e Released Sep 03, 2021 WEI x86 64bit/MS Window

   LINDO Driver
   Lindo Systems Inc, www.lindo.com

*** This solver runs with a demo license. No commercial use.
Lindo API version 13.0.4099.291 built on Jul  9 2021 22:43:27
Barrier Solver Version 9.2.047, Nonlinear Solver Version 3.17K
Platform Windows 64x86 (B)
--- Reading solution for model Feasible_MINLP
--- Executing after solve: elapsed 0:00:02.014
--- InFeasible_MINLP.gms(54) 4 Mb
--- Generating MINLP model Feasible_MINLP
--- InFeasible_MINLP.gms(57) 6 Mb
--- LOOPS counter = count2
---   6 rows  5 columns  15 non-zeroes
---   16 nl-code  5 nl-non-zeroes
---   1 discrete-columns
--- InFeasible_MINLP.gms(57) 4 Mb
--- Executing LINDO (Solvelink=2): elapsed 0:00:02.018

LINDO            36.2.0 r433180e Released Sep 03, 2021 WEI x86 64bit/MS Window

   LINDO Driver
   Lindo Systems Inc, www.lindo.com

*** This solver runs with a demo license. No commercial use.
Lindo API version 13.0.4099.291 built on Jul  9 2021 22:43:27
Barrier Solver Version 9.2.047, Nonlinear Solver Version 3.17K
Platform Windows 64x86 (B)
--- Reading solution for model Feasible_MINLP
--- Executing after solve: elapsed 0:00:02.468
--- InFeasible_MINLP.gms(63) 4 Mb
*** Status: Normal completion
--- Job InFeasible_MINLP.gms Stop 10/22/21 14:12:58 elapsed 0:00:02.468
