
--- Job Feasible_MINLP.gms Start 10/21/21 21:23:14 36.2.0 r433180e WEX-WEI x86 64bit/MS Windows
--- Applying:
    C:\GAMS\36\gmsprmNT.txt
--- GAMS Parameters defined
    Input C:\Users\USER\OneDrive\Documents\GAMS\Studio\workspace\Feasible_MINLP.gms
    PageSize 0
    ScrDir C:\Users\USER\OneDrive\Documents\GAMS\Studio\workspace\225a\
    SysDir C:\GAMS\36\
    LogOption 3
    ErrMsg 1
    ErrorLog 99
    IDE 1
    LstTitleLeftAligned 1
Licensee: GAMS Demo license for Nikitha Reddy Metta      G210913|0002CO-GEN
          Indian Institute of Technology Guwahati, India           DL048129
          C:\GAMS\36\gamslice.txt
          m.nikitha@iitg.ac.in, Nikitha Reddy Metta                        
          Demo license for demonstration and instructional purposes only
Processor information: 1 socket(s), 4 core(s), and 8 thread(s) available
GAMS 36.2.0   Copyright (C) 1987-2021 GAMS Development. All rights reserved
--- Starting compilation
--- Feasible_MINLP.gms(37) 2 Mb
--- Starting execution: elapsed 0:00:00.008
--- Feasible_MINLP.gms(33) 3 Mb
--- Generating MINLP model Feasible_MINLP
--- Feasible_MINLP.gms(35) 5 Mb
---   4 rows  4 columns  11 non-zeroes
---   13 nl-code  3 nl-non-zeroes
---   1 discrete-columns
--- Feasible_MINLP.gms(35) 3 Mb
--- Executing LINDO (Solvelink=2): elapsed 0:00:00.017

LINDO            36.2.0 r433180e Released Sep 03, 2021 WEI x86 64bit/MS Window

   LINDO Driver
   Lindo Systems Inc, www.lindo.com

*** This solver runs with a demo license. No commercial use.
Lindo API version 13.0.4099.291 built on Jul  9 2021 22:43:27
Barrier Solver Version 9.2.047, Nonlinear Solver Version 3.17K
Platform Windows 64x86 (B)
--- Reading solution for model Feasible_MINLP
--- Executing after solve: elapsed 0:00:00.972
--- Feasible_MINLP.gms(37) 3 Mb
*** Status: Normal completion
--- Job Feasible_MINLP.gms Stop 10/21/21 21:23:15 elapsed 0:00:00.973
